# JRE version: Java(TM) SE Runtime Environment (8.0_151-b12) (build 1.8.0_151-b12)
# Java VM: Java HotSpot(TM) 64-Bit Server VM (25.151-b12 mixed mode windows-amd64 compressed oops)
Heap:
 PSYoungGen      total 35328K, used 19877K [0x00000000d6600000, 0x00000000d8e00000, 0x0000000100000000)
  eden space 30720K, 50% used [0x00000000d6600000,0x00000000d7500d00,0x00000000d8400000)
  from space 4608K, 97% used [0x00000000d8980000,0x00000000d8de8838,0x00000000d8e00000)
  to   space 5120K, 0% used [0x00000000d8400000,0x00000000d8400000,0x00000000d8900000)
 ParOldGen       total 86016K, used 2941K [0x0000000083200000, 0x0000000088600000, 0x00000000d6600000)
  object space 86016K, 3% used [0x0000000083200000,0x00000000834df5f8,0x0000000088600000)
 Metaspace       used 20894K, capacity 21186K, committed 21248K, reserved 1067008K
  class space    used 2708K, capacity 2813K, committed 2816K, reserved 1048576K
GC Heap History (10 events):
Event: 3.859 GC heap before
{Heap before GC invocations=4 (full 0):
 PSYoungGen      total 37888K, used 36157K [0x00000000d6600000, 0x00000000d9000000, 0x0000000100000000)
  eden space 32768K, 100% used [0x00000000d6600000,0x00000000d8600000,0x00000000d8600000)
  from space 5120K, 66% used [0x00000000d8600000,0x00000000d894f420,0x00000000d8b00000)
  to   space 5120K, 0% used [0x00000000d8b00000,0x00000000d8b00000,0x00000000d9000000)
 ParOldGen       total 86016K, used 24K [0x0000000083200000, 0x0000000088600000, 0x00000000d6600000)
  object space 86016K, 0% used [0x0000000083200000,0x0000000083206000,0x0000000088600000)
 Metaspace       used 10484K, capacity 10562K, committed 10880K, reserved 1058816K
  class space    used 1287K, capacity 1301K, committed 1408K, reserved 1048576K
Event: 3.863 GC heap after
Heap after GC invocations=4 (full 0):
 PSYoungGen      total 37888K, used 3546K [0x00000000d6600000, 0x00000000d9000000, 0x0000000100000000)
  eden space 32768K, 0% used [0x00000000d6600000,0x00000000d6600000,0x00000000d8600000)
  from space 5120K, 69% used [0x00000000d8b00000,0x00000000d8e769b0,0x00000000d9000000)
  to   space 5120K, 0% used [0x00000000d8600000,0x00000000d8600000,0x00000000d8b00000)
 ParOldGen       total 86016K, used 32K [0x0000000083200000, 0x0000000088600000, 0x00000000d6600000)
  object space 86016K, 0% used [0x0000000083200000,0x0000000083208000,0x0000000088600000)
 Metaspace       used 10484K, capacity 10562K, committed 10880K, reserved 1058816K
  class space    used 1287K, capacity 1301K, committed 1408K, reserved 1048576K
}
Event: 4.372 GC heap before
{Heap before GC invocations=5 (full 0):
 PSYoungGen      total 37888K, used 36314K [0x00000000d6600000, 0x00000000d9000000, 0x0000000100000000)
  eden space 32768K, 100% used [0x00000000d6600000,0x00000000d8600000,0x00000000d8600000)
  from space 5120K, 69% used [0x00000000d8b00000,0x00000000d8e769b0,0x00000000d9000000)
  to   space 5120K, 0% used [0x00000000d8600000,0x00000000d8600000,0x00000000d8b00000)
 ParOldGen       total 86016K, used 32K [0x0000000083200000, 0x0000000088600000, 0x00000000d6600000)
  object space 86016K, 0% used [0x0000000083200000,0x0000000083208000,0x0000000088600000)
 Metaspace       used 12044K, capacity 12104K, committed 12416K, reserved 1060864K
  class space    used 1521K, capacity 1558K, committed 1664K, reserved 1048576K
Event: 4.378 GC heap after
Heap after GC invocations=5 (full 0):
 PSYoungGen      total 36864K, used 4154K [0x00000000d6600000, 0x00000000d8e80000, 0x0000000100000000)
  eden space 32256K, 0% used [0x00000000d6600000,0x00000000d6600000,0x00000000d8580000)
  from space 4608K, 90% used [0x00000000d8600000,0x00000000d8a0e978,0x00000000d8a80000)
  to   space 4096K, 0% used [0x00000000d8a80000,0x00000000d8a80000,0x00000000d8e80000)
 ParOldGen       total 86016K, used 104K [0x0000000083200000, 0x0000000088600000, 0x00000000d6600000)
  object space 86016K, 0% used [0x0000000083200000,0x000000008321a010,0x0000000088600000)
 Metaspace       used 12044K, capacity 12104K, committed 12416K, reserved 1060864K
  class space    used 1521K, capacity 1558K, committed 1664K, reserved 1048576K
}
Event: 5.466 GC heap before
{Heap before GC invocations=6 (full 0):
 PSYoungGen      total 36864K, used 36410K [0x00000000d6600000, 0x00000000d8e80000, 0x0000000100000000)
  eden space 32256K, 100% used [0x00000000d6600000,0x00000000d8580000,0x00000000d8580000)
  from space 4608K, 90% used [0x00000000d8600000,0x00000000d8a0e978,0x00000000d8a80000)
  to   space 4096K, 0% used [0x00000000d8a80000,0x00000000d8a80000,0x00000000d8e80000)
 ParOldGen       total 86016K, used 104K [0x0000000083200000, 0x0000000088600000, 0x00000000d6600000)
  object space 86016K, 0% used [0x0000000083200000,0x000000008321a010,0x0000000088600000)
 Metaspace       used 14429K, capacity 14542K, committed 14720K, reserved 1062912K
  class space    used 1849K, capacity 1879K, committed 1920K, reserved 1048576K
Event: 5.474 GC heap after
Heap after GC invocations=6 (full 0):
 PSYoungGen      total 35840K, used 4075K [0x00000000d6600000, 0x00000000d8f00000, 0x0000000100000000)
  eden space 31744K, 0% used [0x00000000d6600000,0x00000000d6600000,0x00000000d8500000)
  from space 4096K, 99% used [0x00000000d8a80000,0x00000000d8e7ad38,0x00000000d8e80000)
  to   space 5120K, 0% used [0x00000000d8500000,0x00000000d8500000,0x00000000d8a00000)
 ParOldGen       total 86016K, used 443K [0x0000000083200000, 0x0000000088600000, 0x00000000d6600000)
  object space 86016K, 0% used [0x0000000083200000,0x000000008326ee30,0x0000000088600000)
 Metaspace       used 14429K, capacity 14542K, committed 14720K, reserved 1062912K
  class space    used 1849K, capacity 1879K, committed 1920K, reserved 1048576K
}
Event: 6.430 GC heap before
{Heap before GC invocations=7 (full 0):
 PSYoungGen      total 35840K, used 35761K [0x00000000d6600000, 0x00000000d8f00000, 0x0000000100000000)
  eden space 31744K, 99% used [0x00000000d6600000,0x00000000d84f1910,0x00000000d8500000)
  from space 4096K, 99% used [0x00000000d8a80000,0x00000000d8e7ad38,0x00000000d8e80000)
  to   space 5120K, 0% used [0x00000000d8500000,0x00000000d8500000,0x00000000d8a00000)
 ParOldGen       total 86016K, used 443K [0x0000000083200000, 0x0000000088600000, 0x00000000d6600000)
  object space 86016K, 0% used [0x0000000083200000,0x000000008326ee30,0x0000000088600000)
 Metaspace       used 18207K, capacity 18438K, committed 18688K, reserved 1064960K
  class space    used 2333K, capacity 2445K, committed 2560K, reserved 1048576K
Event: 6.439 GC heap after
Heap after GC invocations=7 (full 0):
 PSYoungGen      total 35840K, used 4243K [0x00000000d6600000, 0x00000000d8e80000, 0x0000000100000000)
  eden space 31232K, 0% used [0x00000000d6600000,0x00000000d6600000,0x00000000d8480000)
  from space 4608K, 92% used [0x00000000d8500000,0x00000000d8924df8,0x00000000d8980000)
  to   space 5120K, 0% used [0x00000000d8980000,0x00000000d8980000,0x00000000d8e80000)
 ParOldGen       total 86016K, used 2541K [0x0000000083200000, 0x0000000088600000, 0x00000000d6600000)
  object space 86016K, 2% used [0x0000000083200000,0x000000008347b5f8,0x0000000088600000)
 Metaspace       used 18207K, capacity 18438K, committed 18688K, reserved 1064960K
  class space    used 2333K, capacity 2445K, committed 2560K, reserved 1048576K
}
Event: 8.072 GC heap before
{Heap before GC invocations=8 (full 0):
 PSYoungGen      total 35840K, used 35475K [0x00000000d6600000, 0x00000000d8e80000, 0x0000000100000000)
  eden space 31232K, 100% used [0x00000000d6600000,0x00000000d8480000,0x00000000d8480000)
  from space 4608K, 92% used [0x00000000d8500000,0x00000000d8924df8,0x00000000d8980000)
  to   space 5120K, 0% used [0x00000000d8980000,0x00000000d8980000,0x00000000d8e80000)
 ParOldGen       total 86016K, used 2541K [0x0000000083200000, 0x0000000088600000, 0x00000000d6600000)
  object space 86016K, 2% used [0x0000000083200000,0x000000008347b5f8,0x0000000088600000)
 Metaspace       used 20048K, capacity 20270K, committed 20480K, reserved 1067008K
  class space    used 2610K, capacity 2735K, committed 2816K, reserved 1048576K
Event: 8.083 GC heap after
Heap after GC invocations=8 (full 0):
 PSYoungGen      total 35328K, used 4514K [0x00000000d6600000, 0x00000000d8e00000, 0x0000000100000000)
  eden space 30720K, 0% used [0x00000000d6600000,0x00000000d6600000,0x00000000d8400000)
  from space 4608K, 97% used [0x00000000d8980000,0x00000000d8de8838,0x00000000d8e00000)
  to   space 5120K, 0% used [0x00000000d8400000,0x00000000d8400000,0x00000000d8900000)
 ParOldGen       total 86016K, used 2941K [0x0000000083200000, 0x0000000088600000, 0x00000000d6600000)
  object space 86016K, 3% used [0x0000000083200000,0x00000000834df5f8,0x0000000088600000)
 Metaspace       used 20048K, capacity 20270K, committed 20480K, reserved 1067008K
  class space    used 2610K, capacity 2735K, committed 2816K, reserved 1048576K
}

